<?xml version="1.0" encoding="UTF-8"?>
<!-- Generated by org.testng.reporters.JUnitReportReporter -->
<testsuite hostname="MacBook-Air-9.local" failures="0" tests="1" name="com.example.apiTest" time="3.339" errors="0" timestamp="16 Sep 2024 10:10:20 GMT">
  <testcase classname="com.example.apiTest" name="testGetEndpoint" time="3.339"/>
</testsuite> <!-- com.example.apiTest -->
